0 info it worked if it ends with ok
1 verbose cli [ 'C:\\Users\\kuzmeig1\\Soft\\Node.js\\\\node.exe',
1 verbose cli   'C:\\Users\\kuzmeig1\\Soft\\Node.js\\node_modules\\npm\\bin\\npm-cli.js',
1 verbose cli   'uninstall',
1 verbose cli   'bower',
1 verbose cli   '--save-dev' ]
2 info using npm@2.0.0
3 info using node@v0.10.31
4 verbose node symlink C:\Users\kuzmeig1\Soft\Node.js\\node.exe
5 verbose node_modules\bower unbuild
6 info preuninstall bower@1.3.12
7 info uninstall bower@1.3.12
8 verbose true,C:\Users\kuzmeig1\Projects\GitHub\travlr\node_modules,C:\Users\kuzmeig1\Projects\GitHub\travlr\node_modules unbuild bower@1.3.12
9 verbose C:\Users\kuzmeig1\Projects\GitHub\travlr\node_modules\.bin,[object Object] binRoot
10 verbose gentlyRm vacuuming C:\Users\kuzmeig1\Projects\GitHub\travlr\node_modules\.bin\bower.cmd
11 silly gentlyRm purging C:\Users\kuzmeig1\Projects\GitHub\travlr\node_modules\.bin\bower.cmd
12 silly gentlyRm quitting because other entries in C:\Users\kuzmeig1\Projects\GitHub\travlr\node_modules\.bin
13 verbose gentlyRm vacuuming C:\Users\kuzmeig1\Projects\GitHub\travlr\node_modules\.bin\bower
14 silly gentlyRm purging C:\Users\kuzmeig1\Projects\GitHub\travlr\node_modules\.bin\bower
15 silly gentlyRm quitting because other entries in C:\Users\kuzmeig1\Projects\GitHub\travlr\node_modules\.bin
16 info postuninstall bower@1.3.12
17 verbose gentlyRm vacuuming C:\Users\kuzmeig1\Projects\GitHub\travlr\node_modules\bower
18 silly gentlyRm purging C:\Users\kuzmeig1\Projects\GitHub\travlr\node_modules\bower
19 verbose stack Error: EPERM, unlink 'C:\Users\kuzmeig1\Projects\GitHub\travlr\node_modules\bower\node_modules\insight\node_modules\configstore\node_modules\uuid\benchmark\bench.sh'
20 verbose cwd C:\Users\kuzmeig1\Projects\GitHub\travlr
21 error Windows_NT 6.1.7601
22 error argv "C:\\Users\\kuzmeig1\\Soft\\Node.js\\\\node.exe" "C:\\Users\\kuzmeig1\\Soft\\Node.js\\node_modules\\npm\\bin\\npm-cli.js" "uninstall" "bower" "--save-dev"
23 error node v0.10.31
24 error npm  v2.0.0
25 error path C:\Users\kuzmeig1\Projects\GitHub\travlr\node_modules\bower\node_modules\insight\node_modules\configstore\node_modules\uuid\benchmark\bench.sh
26 error code EPERM
27 error errno 50
28 error Error: EPERM, unlink 'C:\Users\kuzmeig1\Projects\GitHub\travlr\node_modules\bower\node_modules\insight\node_modules\configstore\node_modules\uuid\benchmark\bench.sh'
28 error  { [Error: EPERM, unlink 'C:\Users\kuzmeig1\Projects\GitHub\travlr\node_modules\bower\node_modules\insight\node_modules\configstore\node_modules\uuid\benchmark\bench.sh']
28 error   errno: 50,
28 error   code: 'EPERM',
28 error   path: 'C:\\Users\\kuzmeig1\\Projects\\GitHub\\travlr\\node_modules\\bower\\node_modules\\insight\\node_modules\\configstore\\node_modules\\uuid\\benchmark\\bench.sh' }
29 error Please try running this command again as root/Administrator.
30 verbose exit [ 50, true ]
